<?xml version="1.0" encoding="UTF-8"?>
<testng-results ignored="6" total="19" passed="13" failed="0" skipped="0">
  <reporter-output>
  </reporter-output>
  <suite started-at="2025-12-11T11:25:36 IST" name="C3P API Regression Suite" finished-at="2025-12-11T12:53:38 IST" duration-ms="5282208">
    <groups>
    </groups>
    <test started-at="2025-12-11T11:25:36 IST" name="001 C3P API Report/Corrections" finished-at="2025-12-11T12:37:12 IST" duration-ms="4296312">
      <class name="org.c3p.automation.api.steps.corrections.APITestCorrectionSteps">
        <test-method is-config="true" signature="beforeMethod(java.lang.reflect.Method, java.lang.String)[pri:0, instance:org.c3p.automation.api.steps.corrections.APITestCorrectionSteps@7c37508a]" started-at="2025-12-11T11:48:30 IST" name="beforeMethod" finished-at="2025-12-11T11:48:30 IST" duration-ms="32" status="PASS">
          <params>
            <param index="0">
              <value>
                <![CDATA[public void org.c3p.automation.api.steps.corrections.APITestCorrectionSteps.API_create_correction_case()]]>
              </value>
            </param>
            <param index="1">
              <value>
                <![CDATA[userData_TADE]]>
              </value>
            </param>
          </params>
          <reporter-output>
          </reporter-output>
        </test-method> <!-- beforeMethod -->
        <test-method signature="API_create_correction_case()[pri:1, instance:org.c3p.automation.api.steps.corrections.APITestCorrectionSteps@7c37508a]" started-at="2025-12-11T11:48:30 IST" name="API_create_correction_case" finished-at="2025-12-11T12:01:34 IST" duration-ms="783917" status="PASS">
          <reporter-output>
          </reporter-output>
        </test-method> <!-- API_create_correction_case -->
        <test-method is-config="true" signature="tearDownTest(java.lang.reflect.Method)[pri:0, instance:org.c3p.automation.api.steps.corrections.APITestCorrectionSteps@7c37508a]" started-at="2025-12-11T12:01:34 IST" name="tearDownTest" finished-at="2025-12-11T12:01:34 IST" duration-ms="3" status="PASS">
          <params>
            <param index="0">
              <value>
                <![CDATA[public void org.c3p.automation.api.steps.corrections.APITestCorrectionSteps.API_create_correction_case()]]>
              </value>
            </param>
          </params>
          <reporter-output>
          </reporter-output>
        </test-method> <!-- tearDownTest -->
      </class> <!-- org.c3p.automation.api.steps.corrections.APITestCorrectionSteps -->
      <class name="org.c3p.automation.api.steps.optout.APITestOptoutSteps">
        <test-method is-config="true" signature="beforeMethod(java.lang.reflect.Method, java.lang.String)[pri:0, instance:org.c3p.automation.api.steps.optout.APITestOptoutSteps@247310d0]" started-at="2025-12-11T12:01:34 IST" name="beforeMethod" finished-at="2025-12-11T12:01:34 IST" duration-ms="45" status="PASS">
          <params>
            <param index="0">
              <value>
                <![CDATA[public void org.c3p.automation.api.steps.optout.APITestOptoutSteps.create_optout_sales_case()]]>
              </value>
            </param>
            <param index="1">
              <value>
                <![CDATA[userData_TADE]]>
              </value>
            </param>
          </params>
          <reporter-output>
          </reporter-output>
        </test-method> <!-- beforeMethod -->
        <test-method signature="create_optout_sales_case()[pri:0, instance:org.c3p.automation.api.steps.optout.APITestOptoutSteps@247310d0]" started-at="2025-12-11T12:01:34 IST" name="create_optout_sales_case" finished-at="2025-12-11T12:03:52 IST" duration-ms="138451" status="PASS">
          <reporter-output>
          </reporter-output>
        </test-method> <!-- create_optout_sales_case -->
        <test-method is-config="true" signature="tearDownTest(java.lang.reflect.Method)[pri:0, instance:org.c3p.automation.api.steps.optout.APITestOptoutSteps@247310d0]" started-at="2025-12-11T12:03:52 IST" name="tearDownTest" finished-at="2025-12-11T12:03:52 IST" duration-ms="5" status="PASS">
          <params>
            <param index="0">
              <value>
                <![CDATA[public void org.c3p.automation.api.steps.optout.APITestOptoutSteps.create_optout_sales_case()]]>
              </value>
            </param>
          </params>
          <reporter-output>
          </reporter-output>
        </test-method> <!-- tearDownTest -->
        <test-method is-config="true" signature="beforeMethod(java.lang.reflect.Method, java.lang.String)[pri:0, instance:org.c3p.automation.api.steps.optout.APITestOptoutSteps@247310d0]" started-at="2025-12-11T12:03:52 IST" name="beforeMethod" finished-at="2025-12-11T12:03:52 IST" duration-ms="60" status="PASS">
          <params>
            <param index="0">
              <value>
                <![CDATA[public void org.c3p.automation.api.steps.optout.APITestOptoutSteps.create_optout_sensitiveData_case()]]>
              </value>
            </param>
            <param index="1">
              <value>
                <![CDATA[userData_TADE]]>
              </value>
            </param>
          </params>
          <reporter-output>
          </reporter-output>
        </test-method> <!-- beforeMethod -->
        <test-method signature="create_optout_sensitiveData_case()[pri:1, instance:org.c3p.automation.api.steps.optout.APITestOptoutSteps@247310d0]" started-at="2025-12-11T12:03:52 IST" name="create_optout_sensitiveData_case" finished-at="2025-12-11T12:06:14 IST" duration-ms="141482" status="PASS">
          <reporter-output>
          </reporter-output>
        </test-method> <!-- create_optout_sensitiveData_case -->
        <test-method is-config="true" signature="tearDownTest(java.lang.reflect.Method)[pri:0, instance:org.c3p.automation.api.steps.optout.APITestOptoutSteps@247310d0]" started-at="2025-12-11T12:06:14 IST" name="tearDownTest" finished-at="2025-12-11T12:06:14 IST" duration-ms="4" status="PASS">
          <params>
            <param index="0">
              <value>
                <![CDATA[public void org.c3p.automation.api.steps.optout.APITestOptoutSteps.create_optout_sensitiveData_case()]]>
              </value>
            </param>
          </params>
          <reporter-output>
          </reporter-output>
        </test-method> <!-- tearDownTest -->
        <test-method is-config="true" signature="beforeMethod(java.lang.reflect.Method, java.lang.String)[pri:0, instance:org.c3p.automation.api.steps.optout.APITestOptoutSteps@247310d0]" started-at="2025-12-11T12:06:14 IST" name="beforeMethod" finished-at="2025-12-11T12:06:14 IST" duration-ms="55" status="PASS">
          <params>
            <param index="0">
              <value>
                <![CDATA[public void org.c3p.automation.api.steps.optout.APITestOptoutSteps.create_optout_processing_case()]]>
              </value>
            </param>
            <param index="1">
              <value>
                <![CDATA[userData_TADE]]>
              </value>
            </param>
          </params>
          <reporter-output>
          </reporter-output>
        </test-method> <!-- beforeMethod -->
        <test-method signature="create_optout_processing_case()[pri:2, instance:org.c3p.automation.api.steps.optout.APITestOptoutSteps@247310d0]" started-at="2025-12-11T12:06:14 IST" name="create_optout_processing_case" finished-at="2025-12-11T12:15:36 IST" duration-ms="561625" status="PASS">
          <reporter-output>
          </reporter-output>
        </test-method> <!-- create_optout_processing_case -->
        <test-method is-config="true" signature="tearDownTest(java.lang.reflect.Method)[pri:0, instance:org.c3p.automation.api.steps.optout.APITestOptoutSteps@247310d0]" started-at="2025-12-11T12:15:36 IST" name="tearDownTest" finished-at="2025-12-11T12:15:36 IST" duration-ms="3" status="PASS">
          <params>
            <param index="0">
              <value>
                <![CDATA[public void org.c3p.automation.api.steps.optout.APITestOptoutSteps.create_optout_processing_case()]]>
              </value>
            </param>
          </params>
          <reporter-output>
          </reporter-output>
        </test-method> <!-- tearDownTest -->
        <test-method is-config="true" signature="beforeMethod(java.lang.reflect.Method, java.lang.String)[pri:0, instance:org.c3p.automation.api.steps.optout.APITestOptoutSteps@247310d0]" started-at="2025-12-11T12:15:36 IST" name="beforeMethod" finished-at="2025-12-11T12:15:36 IST" duration-ms="57" status="PASS">
          <params>
            <param index="0">
              <value>
                <![CDATA[public void org.c3p.automation.api.steps.optout.APITestOptoutSteps.create_optout_all_case()]]>
              </value>
            </param>
            <param index="1">
              <value>
                <![CDATA[userData_TADE]]>
              </value>
            </param>
          </params>
          <reporter-output>
          </reporter-output>
        </test-method> <!-- beforeMethod -->
        <test-method signature="create_optout_all_case()[pri:3, instance:org.c3p.automation.api.steps.optout.APITestOptoutSteps@247310d0]" started-at="2025-12-11T12:15:36 IST" name="create_optout_all_case" finished-at="2025-12-11T12:25:35 IST" duration-ms="599163" status="PASS">
          <reporter-output>
          </reporter-output>
        </test-method> <!-- create_optout_all_case -->
        <test-method is-config="true" signature="tearDownTest(java.lang.reflect.Method)[pri:0, instance:org.c3p.automation.api.steps.optout.APITestOptoutSteps@247310d0]" started-at="2025-12-11T12:25:35 IST" name="tearDownTest" finished-at="2025-12-11T12:25:35 IST" duration-ms="4" status="PASS">
          <params>
            <param index="0">
              <value>
                <![CDATA[public void org.c3p.automation.api.steps.optout.APITestOptoutSteps.create_optout_all_case()]]>
              </value>
            </param>
          </params>
          <reporter-output>
          </reporter-output>
        </test-method> <!-- tearDownTest -->
      </class> <!-- org.c3p.automation.api.steps.optout.APITestOptoutSteps -->
      <class name="org.c3p.automation.api.steps.report.APITestReportSteps">
        <test-method is-config="true" signature="beforeMethod(java.lang.reflect.Method, java.lang.String)[pri:0, instance:org.c3p.automation.api.steps.report.APITestReportSteps@3e08ff24]" started-at="2025-12-11T11:25:36 IST" name="beforeMethod" finished-at="2025-12-11T11:25:37 IST" duration-ms="581" status="PASS">
          <params>
            <param index="0">
              <value>
                <![CDATA[public void org.c3p.automation.api.steps.report.APITestReportSteps.API_mail_create_report_employeeData()]]>
              </value>
            </param>
            <param index="1">
              <value>
                <![CDATA[userData_TADE]]>
              </value>
            </param>
          </params>
          <reporter-output>
          </reporter-output>
        </test-method> <!-- beforeMethod -->
        <test-method signature="API_mail_create_report_employeeData()[pri:1, instance:org.c3p.automation.api.steps.report.APITestReportSteps@3e08ff24]" started-at="2025-12-11T11:25:37 IST" name="API_mail_create_report_employeeData" finished-at="2025-12-11T11:34:22 IST" duration-ms="525570" status="PASS">
          <reporter-output>
          </reporter-output>
        </test-method> <!-- API_mail_create_report_employeeData -->
        <test-method is-config="true" signature="beforeMethod(java.lang.reflect.Method, java.lang.String)[pri:0, instance:org.c3p.automation.api.steps.report.APITestReportSteps@3e08ff24]" started-at="2025-12-11T11:34:22 IST" name="beforeMethod" finished-at="2025-12-11T11:34:22 IST" duration-ms="63" status="PASS">
          <params>
            <param index="0">
              <value>
                <![CDATA[public void org.c3p.automation.api.steps.report.APITestReportSteps.API_create_report_mail_masked()]]>
              </value>
            </param>
            <param index="1">
              <value>
                <![CDATA[userData_TADE]]>
              </value>
            </param>
          </params>
          <reporter-output>
          </reporter-output>
        </test-method> <!-- beforeMethod -->
        <test-method is-config="true" signature="tearDownTest(java.lang.reflect.Method)[pri:0, instance:org.c3p.automation.api.steps.report.APITestReportSteps@3e08ff24]" started-at="2025-12-11T11:34:22 IST" name="tearDownTest" finished-at="2025-12-11T11:34:22 IST" duration-ms="0" status="PASS">
          <params>
            <param index="0">
              <value>
                <![CDATA[public void org.c3p.automation.api.steps.report.APITestReportSteps.API_mail_create_report_employeeData()]]>
              </value>
            </param>
          </params>
          <reporter-output>
          </reporter-output>
        </test-method> <!-- tearDownTest -->
        <test-method signature="API_create_report_mail_masked()[pri:2, instance:org.c3p.automation.api.steps.report.APITestReportSteps@3e08ff24]" started-at="2025-12-11T11:34:22 IST" name="API_create_report_mail_masked" finished-at="2025-12-11T11:45:59 IST" duration-ms="696641" status="PASS">
          <reporter-output>
          </reporter-output>
        </test-method> <!-- API_create_report_mail_masked -->
        <test-method is-config="true" signature="tearDownTest(java.lang.reflect.Method)[pri:0, instance:org.c3p.automation.api.steps.report.APITestReportSteps@3e08ff24]" started-at="2025-12-11T11:45:59 IST" name="tearDownTest" finished-at="2025-12-11T11:45:59 IST" duration-ms="0" status="PASS">
          <params>
            <param index="0">
              <value>
                <![CDATA[public void org.c3p.automation.api.steps.report.APITestReportSteps.API_create_report_mail_masked()]]>
              </value>
            </param>
          </params>
          <reporter-output>
          </reporter-output>
        </test-method> <!-- tearDownTest -->
        <test-method is-config="true" signature="beforeMethod(java.lang.reflect.Method, java.lang.String)[pri:0, instance:org.c3p.automation.api.steps.report.APITestReportSteps@3e08ff24]" started-at="2025-12-11T11:45:59 IST" name="beforeMethod" finished-at="2025-12-11T11:45:59 IST" duration-ms="46" status="PASS">
          <params>
            <param index="0">
              <value>
                <![CDATA[public void org.c3p.automation.api.steps.report.APITestReportSteps.API_create_report_softCopy()]]>
              </value>
            </param>
            <param index="1">
              <value>
                <![CDATA[userData_TADE]]>
              </value>
            </param>
          </params>
          <reporter-output>
          </reporter-output>
        </test-method> <!-- beforeMethod -->
        <test-method signature="API_create_report_softCopy()[pri:3, instance:org.c3p.automation.api.steps.report.APITestReportSteps@3e08ff24]" started-at="2025-12-11T11:45:59 IST" name="API_create_report_softCopy" finished-at="2025-12-11T11:48:30 IST" duration-ms="150889" status="PASS">
          <reporter-output>
          </reporter-output>
        </test-method> <!-- API_create_report_softCopy -->
        <test-method is-config="true" signature="tearDownTest(java.lang.reflect.Method)[pri:0, instance:org.c3p.automation.api.steps.report.APITestReportSteps@3e08ff24]" started-at="2025-12-11T11:48:30 IST" name="tearDownTest" finished-at="2025-12-11T11:48:30 IST" duration-ms="11" status="PASS">
          <params>
            <param index="0">
              <value>
                <![CDATA[public void org.c3p.automation.api.steps.report.APITestReportSteps.API_create_report_softCopy()]]>
              </value>
            </param>
          </params>
          <reporter-output>
          </reporter-output>
        </test-method> <!-- tearDownTest -->
      </class> <!-- org.c3p.automation.api.steps.report.APITestReportSteps -->
      <class name="org.c3p.automation.api.steps.delete.APITestDeleteSteps">
        <test-method is-config="true" signature="beforeMethod(java.lang.reflect.Method, java.lang.String)[pri:0, instance:org.c3p.automation.api.steps.delete.APITestDeleteSteps@1033576a]" started-at="2025-12-11T12:25:35 IST" name="beforeMethod" finished-at="2025-12-11T12:25:35 IST" duration-ms="66" status="PASS">
          <params>
            <param index="0">
              <value>
                <![CDATA[public void org.c3p.automation.api.steps.delete.APITestDeleteSteps.API_create_delete_case()]]>
              </value>
            </param>
            <param index="1">
              <value>
                <![CDATA[userData_TADE]]>
              </value>
            </param>
          </params>
          <reporter-output>
          </reporter-output>
        </test-method> <!-- beforeMethod -->
        <test-method signature="API_create_delete_case()[pri:1, instance:org.c3p.automation.api.steps.delete.APITestDeleteSteps@1033576a]" started-at="2025-12-11T12:25:35 IST" name="API_create_delete_case" finished-at="2025-12-11T12:37:12 IST" duration-ms="697297" status="PASS">
          <reporter-output>
          </reporter-output>
        </test-method> <!-- API_create_delete_case -->
        <test-method is-config="true" signature="tearDownTest(java.lang.reflect.Method)[pri:0, instance:org.c3p.automation.api.steps.delete.APITestDeleteSteps@1033576a]" started-at="2025-12-11T12:37:12 IST" name="tearDownTest" finished-at="2025-12-11T12:37:12 IST" duration-ms="8" status="PASS">
          <params>
            <param index="0">
              <value>
                <![CDATA[public void org.c3p.automation.api.steps.delete.APITestDeleteSteps.API_create_delete_case()]]>
              </value>
            </param>
          </params>
          <reporter-output>
          </reporter-output>
        </test-method> <!-- tearDownTest -->
      </class> <!-- org.c3p.automation.api.steps.delete.APITestDeleteSteps -->
    </test> <!-- 001 C3P API Report/Corrections -->
    <test started-at="2025-12-11T12:37:12 IST" name="002 C3P API Misc Tests" finished-at="2025-12-11T12:53:38 IST" duration-ms="985818">
      <class name="org.c3p.automation.api.steps.report.APITestCasesValidation">
        <test-method is-config="true" signature="API_Prerequisites(java.lang.String)[pri:0, instance:org.c3p.automation.api.steps.report.APITestCasesValidation@71075444]" started-at="2025-12-11T11:25:31 IST" name="API_Prerequisites" finished-at="2025-12-11T11:25:36 IST" duration-ms="5425" status="PASS">
          <params>
            <param index="0">
              <value>
                <![CDATA[userData_TADE]]>
              </value>
            </param>
          </params>
          <reporter-output>
          </reporter-output>
        </test-method> <!-- API_Prerequisites -->
        <test-method is-config="true" signature="beforeMethod(java.lang.reflect.Method, java.lang.String)[pri:0, instance:org.c3p.automation.api.steps.report.APITestCasesValidation@71075444]" started-at="2025-12-11T12:37:12 IST" name="beforeMethod" finished-at="2025-12-11T12:37:12 IST" duration-ms="63" status="PASS">
          <params>
            <param index="0">
              <value>
                <![CDATA[public void org.c3p.automation.api.steps.report.APITestCasesValidation.optOutCasesValidation()]]>
              </value>
            </param>
            <param index="1">
              <value>
                <![CDATA[userData_TADE]]>
              </value>
            </param>
          </params>
          <reporter-output>
          </reporter-output>
        </test-method> <!-- beforeMethod -->
        <test-method signature="optOutCasesValidation()[pri:1, instance:org.c3p.automation.api.steps.report.APITestCasesValidation@71075444]" started-at="2025-12-11T12:37:12 IST" name="optOutCasesValidation" finished-at="2025-12-11T12:41:59 IST" duration-ms="286269" status="PASS">
          <reporter-output>
          </reporter-output>
        </test-method> <!-- optOutCasesValidation -->
        <test-method is-config="true" signature="tearDownTest(java.lang.reflect.Method)[pri:0, instance:org.c3p.automation.api.steps.report.APITestCasesValidation@71075444]" started-at="2025-12-11T12:41:59 IST" name="tearDownTest" finished-at="2025-12-11T12:41:59 IST" duration-ms="16" status="PASS">
          <params>
            <param index="0">
              <value>
                <![CDATA[public void org.c3p.automation.api.steps.report.APITestCasesValidation.optOutCasesValidation()]]>
              </value>
            </param>
          </params>
          <reporter-output>
          </reporter-output>
        </test-method> <!-- tearDownTest -->
        <test-method is-config="true" signature="beforeMethod(java.lang.reflect.Method, java.lang.String)[pri:0, instance:org.c3p.automation.api.steps.report.APITestCasesValidation@71075444]" started-at="2025-12-11T12:41:59 IST" name="beforeMethod" finished-at="2025-12-11T12:41:59 IST" duration-ms="63" status="PASS">
          <params>
            <param index="0">
              <value>
                <![CDATA[public void org.c3p.automation.api.steps.report.APITestCasesValidation.deleteCasesValidation()]]>
              </value>
            </param>
            <param index="1">
              <value>
                <![CDATA[userData_TADE]]>
              </value>
            </param>
          </params>
          <reporter-output>
          </reporter-output>
        </test-method> <!-- beforeMethod -->
        <test-method signature="deleteCasesValidation()[pri:2, instance:org.c3p.automation.api.steps.report.APITestCasesValidation@71075444]" started-at="2025-12-11T12:41:59 IST" name="deleteCasesValidation" finished-at="2025-12-11T12:51:38 IST" duration-ms="579531" status="PASS">
          <reporter-output>
          </reporter-output>
        </test-method> <!-- deleteCasesValidation -->
        <test-method is-config="true" signature="tearDownTest(java.lang.reflect.Method)[pri:0, instance:org.c3p.automation.api.steps.report.APITestCasesValidation@71075444]" started-at="2025-12-11T12:51:38 IST" name="tearDownTest" finished-at="2025-12-11T12:51:38 IST" duration-ms="0" status="PASS">
          <params>
            <param index="0">
              <value>
                <![CDATA[public void org.c3p.automation.api.steps.report.APITestCasesValidation.deleteCasesValidation()]]>
              </value>
            </param>
          </params>
          <reporter-output>
          </reporter-output>
        </test-method> <!-- tearDownTest -->
        <test-method is-config="true" signature="beforeMethod(java.lang.reflect.Method, java.lang.String)[pri:0, instance:org.c3p.automation.api.steps.report.APITestCasesValidation@71075444]" started-at="2025-12-11T12:51:38 IST" name="beforeMethod" finished-at="2025-12-11T12:51:38 IST" duration-ms="62" status="PASS">
          <params>
            <param index="0">
              <value>
                <![CDATA[public void org.c3p.automation.api.steps.report.APITestCasesValidation.correctionsCasesValidation()]]>
              </value>
            </param>
            <param index="1">
              <value>
                <![CDATA[userData_TADE]]>
              </value>
            </param>
          </params>
          <reporter-output>
          </reporter-output>
        </test-method> <!-- beforeMethod -->
        <test-method signature="correctionsCasesValidation()[pri:3, instance:org.c3p.automation.api.steps.report.APITestCasesValidation@71075444]" started-at="2025-12-11T12:51:38 IST" name="correctionsCasesValidation" finished-at="2025-12-11T12:51:54 IST" duration-ms="15461" status="PASS">
          <reporter-output>
          </reporter-output>
        </test-method> <!-- correctionsCasesValidation -->
        <test-method is-config="true" signature="beforeMethod(java.lang.reflect.Method, java.lang.String)[pri:0, instance:org.c3p.automation.api.steps.report.APITestCasesValidation@71075444]" started-at="2025-12-11T12:51:54 IST" name="beforeMethod" finished-at="2025-12-11T12:51:54 IST" duration-ms="47" status="PASS">
          <params>
            <param index="0">
              <value>
                <![CDATA[public void org.c3p.automation.api.steps.report.APITestCasesValidation.reportsCaseValidation()]]>
              </value>
            </param>
            <param index="1">
              <value>
                <![CDATA[userData_TADE]]>
              </value>
            </param>
          </params>
          <reporter-output>
          </reporter-output>
        </test-method> <!-- beforeMethod -->
        <test-method is-config="true" signature="tearDownTest(java.lang.reflect.Method)[pri:0, instance:org.c3p.automation.api.steps.report.APITestCasesValidation@71075444]" started-at="2025-12-11T12:51:54 IST" name="tearDownTest" finished-at="2025-12-11T12:51:54 IST" duration-ms="0" status="PASS">
          <params>
            <param index="0">
              <value>
                <![CDATA[public void org.c3p.automation.api.steps.report.APITestCasesValidation.correctionsCasesValidation()]]>
              </value>
            </param>
          </params>
          <reporter-output>
          </reporter-output>
        </test-method> <!-- tearDownTest -->
        <test-method signature="reportsCaseValidation()[pri:4, instance:org.c3p.automation.api.steps.report.APITestCasesValidation@71075444]" started-at="2025-12-11T12:51:54 IST" name="reportsCaseValidation" finished-at="2025-12-11T12:53:38 IST" duration-ms="104204" status="PASS">
          <reporter-output>
          </reporter-output>
        </test-method> <!-- reportsCaseValidation -->
        <test-method is-config="true" signature="tearDownTest(java.lang.reflect.Method)[pri:0, instance:org.c3p.automation.api.steps.report.APITestCasesValidation@71075444]" started-at="2025-12-11T12:53:38 IST" name="tearDownTest" finished-at="2025-12-11T12:53:38 IST" duration-ms="11" status="PASS">
          <params>
            <param index="0">
              <value>
                <![CDATA[public void org.c3p.automation.api.steps.report.APITestCasesValidation.reportsCaseValidation()]]>
              </value>
            </param>
          </params>
          <reporter-output>
          </reporter-output>
        </test-method> <!-- tearDownTest -->
        <test-method is-config="true" signature="tearDown()[pri:0, instance:org.c3p.automation.api.steps.report.APITestCasesValidation@71075444]" started-at="2025-12-11T12:53:38 IST" name="tearDown" finished-at="2025-12-11T12:53:39 IST" duration-ms="661" status="PASS">
          <reporter-output>
          </reporter-output>
        </test-method> <!-- tearDown -->
      </class> <!-- org.c3p.automation.api.steps.report.APITestCasesValidation -->
    </test> <!-- 002 C3P API Misc Tests -->
  </suite> <!-- C3P API Regression Suite -->
</testng-results>
