<?xml version="1.0" encoding="UTF-8"?>
<testng-results ignored="6" total="19" passed="12" failed="1" skipped="0">
  <reporter-output>
  </reporter-output>
  <suite started-at="2025-10-16T23:12:05 IST" name="C3P API Regression Suite" finished-at="2025-10-16T23:41:45 IST" duration-ms="1779441">
    <groups>
    </groups>
    <test started-at="2025-10-16T23:12:05 IST" name="001 C3P API Report/Corrections" finished-at="2025-10-16T23:32:45 IST" duration-ms="1239597">
      <class name="org.c3p.automation.api.steps.corrections.APITestCorrectionSteps">
        <test-method is-config="true" signature="beforeMethod(java.lang.reflect.Method, java.lang.String)[pri:0, instance:org.c3p.automation.api.steps.corrections.APITestCorrectionSteps@7188af83]" started-at="2025-10-16T23:19:51 IST" name="beforeMethod" finished-at="2025-10-16T23:19:51 IST" duration-ms="55" status="PASS">
          <params>
            <param index="0">
              <value>
                <![CDATA[public void org.c3p.automation.api.steps.corrections.APITestCorrectionSteps.API_create_correction_case()]]>
              </value>
            </param>
            <param index="1">
              <value>
                <![CDATA[userDataCA_MARY]]>
              </value>
            </param>
          </params>
          <reporter-output>
          </reporter-output>
        </test-method> <!-- beforeMethod -->
        <test-method signature="API_create_correction_case()[pri:1, instance:org.c3p.automation.api.steps.corrections.APITestCorrectionSteps@7188af83]" started-at="2025-10-16T23:19:51 IST" name="API_create_correction_case" finished-at="2025-10-16T23:23:21 IST" duration-ms="209562" status="PASS">
          <reporter-output>
          </reporter-output>
        </test-method> <!-- API_create_correction_case -->
        <test-method is-config="true" signature="tearDownTest(java.lang.reflect.Method)[pri:0, instance:org.c3p.automation.api.steps.corrections.APITestCorrectionSteps@7188af83]" started-at="2025-10-16T23:23:21 IST" name="tearDownTest" finished-at="2025-10-16T23:23:21 IST" duration-ms="5" status="PASS">
          <params>
            <param index="0">
              <value>
                <![CDATA[public void org.c3p.automation.api.steps.corrections.APITestCorrectionSteps.API_create_correction_case()]]>
              </value>
            </param>
          </params>
          <reporter-output>
          </reporter-output>
        </test-method> <!-- tearDownTest -->
      </class> <!-- org.c3p.automation.api.steps.corrections.APITestCorrectionSteps -->
      <class name="org.c3p.automation.api.steps.optout.APITestOptoutSteps">
        <test-method is-config="true" signature="beforeMethod(java.lang.reflect.Method, java.lang.String)[pri:0, instance:org.c3p.automation.api.steps.optout.APITestOptoutSteps@6be968ce]" started-at="2025-10-16T23:23:21 IST" name="beforeMethod" finished-at="2025-10-16T23:23:21 IST" duration-ms="48" status="PASS">
          <params>
            <param index="0">
              <value>
                <![CDATA[public void org.c3p.automation.api.steps.optout.APITestOptoutSteps.create_optout_sales_case()]]>
              </value>
            </param>
            <param index="1">
              <value>
                <![CDATA[userDataCA_MARY]]>
              </value>
            </param>
          </params>
          <reporter-output>
          </reporter-output>
        </test-method> <!-- beforeMethod -->
        <test-method signature="create_optout_sales_case()[pri:0, instance:org.c3p.automation.api.steps.optout.APITestOptoutSteps@6be968ce]" started-at="2025-10-16T23:23:21 IST" name="create_optout_sales_case" finished-at="2025-10-16T23:24:01 IST" duration-ms="39745" status="PASS">
          <reporter-output>
          </reporter-output>
        </test-method> <!-- create_optout_sales_case -->
        <test-method is-config="true" signature="tearDownTest(java.lang.reflect.Method)[pri:0, instance:org.c3p.automation.api.steps.optout.APITestOptoutSteps@6be968ce]" started-at="2025-10-16T23:24:01 IST" name="tearDownTest" finished-at="2025-10-16T23:24:01 IST" duration-ms="3" status="PASS">
          <params>
            <param index="0">
              <value>
                <![CDATA[public void org.c3p.automation.api.steps.optout.APITestOptoutSteps.create_optout_sales_case()]]>
              </value>
            </param>
          </params>
          <reporter-output>
          </reporter-output>
        </test-method> <!-- tearDownTest -->
        <test-method is-config="true" signature="beforeMethod(java.lang.reflect.Method, java.lang.String)[pri:0, instance:org.c3p.automation.api.steps.optout.APITestOptoutSteps@6be968ce]" started-at="2025-10-16T23:24:01 IST" name="beforeMethod" finished-at="2025-10-16T23:24:01 IST" duration-ms="61" status="PASS">
          <params>
            <param index="0">
              <value>
                <![CDATA[public void org.c3p.automation.api.steps.optout.APITestOptoutSteps.create_optout_sensitiveData_case()]]>
              </value>
            </param>
            <param index="1">
              <value>
                <![CDATA[userDataCA_MARY]]>
              </value>
            </param>
          </params>
          <reporter-output>
          </reporter-output>
        </test-method> <!-- beforeMethod -->
        <test-method signature="create_optout_sensitiveData_case()[pri:1, instance:org.c3p.automation.api.steps.optout.APITestOptoutSteps@6be968ce]" started-at="2025-10-16T23:24:01 IST" name="create_optout_sensitiveData_case" finished-at="2025-10-16T23:25:42 IST" duration-ms="100680" status="PASS">
          <reporter-output>
          </reporter-output>
        </test-method> <!-- create_optout_sensitiveData_case -->
        <test-method is-config="true" signature="tearDownTest(java.lang.reflect.Method)[pri:0, instance:org.c3p.automation.api.steps.optout.APITestOptoutSteps@6be968ce]" started-at="2025-10-16T23:25:42 IST" name="tearDownTest" finished-at="2025-10-16T23:25:42 IST" duration-ms="4" status="PASS">
          <params>
            <param index="0">
              <value>
                <![CDATA[public void org.c3p.automation.api.steps.optout.APITestOptoutSteps.create_optout_sensitiveData_case()]]>
              </value>
            </param>
          </params>
          <reporter-output>
          </reporter-output>
        </test-method> <!-- tearDownTest -->
        <test-method is-config="true" signature="beforeMethod(java.lang.reflect.Method, java.lang.String)[pri:0, instance:org.c3p.automation.api.steps.optout.APITestOptoutSteps@6be968ce]" started-at="2025-10-16T23:25:42 IST" name="beforeMethod" finished-at="2025-10-16T23:25:42 IST" duration-ms="60" status="PASS">
          <params>
            <param index="0">
              <value>
                <![CDATA[public void org.c3p.automation.api.steps.optout.APITestOptoutSteps.create_optout_processing_case()]]>
              </value>
            </param>
            <param index="1">
              <value>
                <![CDATA[userDataCA_MARY]]>
              </value>
            </param>
          </params>
          <reporter-output>
          </reporter-output>
        </test-method> <!-- beforeMethod -->
        <test-method signature="create_optout_processing_case()[pri:2, instance:org.c3p.automation.api.steps.optout.APITestOptoutSteps@6be968ce]" started-at="2025-10-16T23:25:42 IST" name="create_optout_processing_case" finished-at="2025-10-16T23:27:36 IST" duration-ms="113964" status="PASS">
          <reporter-output>
          </reporter-output>
        </test-method> <!-- create_optout_processing_case -->
        <test-method is-config="true" signature="tearDownTest(java.lang.reflect.Method)[pri:0, instance:org.c3p.automation.api.steps.optout.APITestOptoutSteps@6be968ce]" started-at="2025-10-16T23:27:36 IST" name="tearDownTest" finished-at="2025-10-16T23:27:36 IST" duration-ms="4" status="PASS">
          <params>
            <param index="0">
              <value>
                <![CDATA[public void org.c3p.automation.api.steps.optout.APITestOptoutSteps.create_optout_processing_case()]]>
              </value>
            </param>
          </params>
          <reporter-output>
          </reporter-output>
        </test-method> <!-- tearDownTest -->
        <test-method is-config="true" signature="beforeMethod(java.lang.reflect.Method, java.lang.String)[pri:0, instance:org.c3p.automation.api.steps.optout.APITestOptoutSteps@6be968ce]" started-at="2025-10-16T23:27:36 IST" name="beforeMethod" finished-at="2025-10-16T23:27:36 IST" duration-ms="71" status="PASS">
          <params>
            <param index="0">
              <value>
                <![CDATA[public void org.c3p.automation.api.steps.optout.APITestOptoutSteps.create_optout_all_case()]]>
              </value>
            </param>
            <param index="1">
              <value>
                <![CDATA[userDataCA_MARY]]>
              </value>
            </param>
          </params>
          <reporter-output>
          </reporter-output>
        </test-method> <!-- beforeMethod -->
        <test-method signature="create_optout_all_case()[pri:3, instance:org.c3p.automation.api.steps.optout.APITestOptoutSteps@6be968ce]" started-at="2025-10-16T23:27:36 IST" name="create_optout_all_case" finished-at="2025-10-16T23:30:26 IST" duration-ms="170004" status="PASS">
          <reporter-output>
          </reporter-output>
        </test-method> <!-- create_optout_all_case -->
        <test-method is-config="true" signature="tearDownTest(java.lang.reflect.Method)[pri:0, instance:org.c3p.automation.api.steps.optout.APITestOptoutSteps@6be968ce]" started-at="2025-10-16T23:30:26 IST" name="tearDownTest" finished-at="2025-10-16T23:30:26 IST" duration-ms="4" status="PASS">
          <params>
            <param index="0">
              <value>
                <![CDATA[public void org.c3p.automation.api.steps.optout.APITestOptoutSteps.create_optout_all_case()]]>
              </value>
            </param>
          </params>
          <reporter-output>
          </reporter-output>
        </test-method> <!-- tearDownTest -->
      </class> <!-- org.c3p.automation.api.steps.optout.APITestOptoutSteps -->
      <class name="org.c3p.automation.api.steps.report.APITestReportSteps">
        <test-method is-config="true" signature="beforeMethod(java.lang.reflect.Method, java.lang.String)[pri:0, instance:org.c3p.automation.api.steps.report.APITestReportSteps@451001e5]" started-at="2025-10-16T23:12:05 IST" name="beforeMethod" finished-at="2025-10-16T23:12:06 IST" duration-ms="458" status="PASS">
          <params>
            <param index="0">
              <value>
                <![CDATA[public void org.c3p.automation.api.steps.report.APITestReportSteps.API_mail_create_report_employeeData()]]>
              </value>
            </param>
            <param index="1">
              <value>
                <![CDATA[userDataCA_MARY]]>
              </value>
            </param>
          </params>
          <reporter-output>
          </reporter-output>
        </test-method> <!-- beforeMethod -->
        <test-method signature="API_mail_create_report_employeeData()[pri:1, instance:org.c3p.automation.api.steps.report.APITestReportSteps@451001e5]" started-at="2025-10-16T23:12:06 IST" name="API_mail_create_report_employeeData" finished-at="2025-10-16T23:14:53 IST" duration-ms="167327" status="PASS">
          <reporter-output>
          </reporter-output>
        </test-method> <!-- API_mail_create_report_employeeData -->
        <test-method is-config="true" signature="tearDownTest(java.lang.reflect.Method)[pri:0, instance:org.c3p.automation.api.steps.report.APITestReportSteps@451001e5]" started-at="2025-10-16T23:14:53 IST" name="tearDownTest" finished-at="2025-10-16T23:14:53 IST" duration-ms="6" status="PASS">
          <params>
            <param index="0">
              <value>
                <![CDATA[public void org.c3p.automation.api.steps.report.APITestReportSteps.API_mail_create_report_employeeData()]]>
              </value>
            </param>
          </params>
          <reporter-output>
          </reporter-output>
        </test-method> <!-- tearDownTest -->
        <test-method is-config="true" signature="beforeMethod(java.lang.reflect.Method, java.lang.String)[pri:0, instance:org.c3p.automation.api.steps.report.APITestReportSteps@451001e5]" started-at="2025-10-16T23:14:53 IST" name="beforeMethod" finished-at="2025-10-16T23:14:53 IST" duration-ms="71" status="PASS">
          <params>
            <param index="0">
              <value>
                <![CDATA[public void org.c3p.automation.api.steps.report.APITestReportSteps.API_create_report_mail_masked()]]>
              </value>
            </param>
            <param index="1">
              <value>
                <![CDATA[userDataCA_MARY]]>
              </value>
            </param>
          </params>
          <reporter-output>
          </reporter-output>
        </test-method> <!-- beforeMethod -->
        <test-method signature="API_create_report_mail_masked()[pri:2, instance:org.c3p.automation.api.steps.report.APITestReportSteps@451001e5]" started-at="2025-10-16T23:14:53 IST" name="API_create_report_mail_masked" finished-at="2025-10-16T23:17:24 IST" duration-ms="150820" status="PASS">
          <reporter-output>
          </reporter-output>
        </test-method> <!-- API_create_report_mail_masked -->
        <test-method is-config="true" signature="tearDownTest(java.lang.reflect.Method)[pri:0, instance:org.c3p.automation.api.steps.report.APITestReportSteps@451001e5]" started-at="2025-10-16T23:17:24 IST" name="tearDownTest" finished-at="2025-10-16T23:17:24 IST" duration-ms="5" status="PASS">
          <params>
            <param index="0">
              <value>
                <![CDATA[public void org.c3p.automation.api.steps.report.APITestReportSteps.API_create_report_mail_masked()]]>
              </value>
            </param>
          </params>
          <reporter-output>
          </reporter-output>
        </test-method> <!-- tearDownTest -->
        <test-method is-config="true" signature="beforeMethod(java.lang.reflect.Method, java.lang.String)[pri:0, instance:org.c3p.automation.api.steps.report.APITestReportSteps@451001e5]" started-at="2025-10-16T23:17:24 IST" name="beforeMethod" finished-at="2025-10-16T23:17:24 IST" duration-ms="88" status="PASS">
          <params>
            <param index="0">
              <value>
                <![CDATA[public void org.c3p.automation.api.steps.report.APITestReportSteps.API_create_report_softCopy()]]>
              </value>
            </param>
            <param index="1">
              <value>
                <![CDATA[userDataCA_MARY]]>
              </value>
            </param>
          </params>
          <reporter-output>
          </reporter-output>
        </test-method> <!-- beforeMethod -->
        <test-method signature="API_create_report_softCopy()[pri:3, instance:org.c3p.automation.api.steps.report.APITestReportSteps@451001e5]" started-at="2025-10-16T23:17:24 IST" name="API_create_report_softCopy" finished-at="2025-10-16T23:19:51 IST" duration-ms="147273" status="PASS">
          <reporter-output>
          </reporter-output>
        </test-method> <!-- API_create_report_softCopy -->
        <test-method is-config="true" signature="tearDownTest(java.lang.reflect.Method)[pri:0, instance:org.c3p.automation.api.steps.report.APITestReportSteps@451001e5]" started-at="2025-10-16T23:19:51 IST" name="tearDownTest" finished-at="2025-10-16T23:19:51 IST" duration-ms="3" status="PASS">
          <params>
            <param index="0">
              <value>
                <![CDATA[public void org.c3p.automation.api.steps.report.APITestReportSteps.API_create_report_softCopy()]]>
              </value>
            </param>
          </params>
          <reporter-output>
          </reporter-output>
        </test-method> <!-- tearDownTest -->
      </class> <!-- org.c3p.automation.api.steps.report.APITestReportSteps -->
      <class name="org.c3p.automation.api.steps.delete.APITestDeleteSteps">
        <test-method is-config="true" signature="beforeMethod(java.lang.reflect.Method, java.lang.String)[pri:0, instance:org.c3p.automation.api.steps.delete.APITestDeleteSteps@7c37508a]" started-at="2025-10-16T23:30:26 IST" name="beforeMethod" finished-at="2025-10-16T23:30:26 IST" duration-ms="46" status="PASS">
          <params>
            <param index="0">
              <value>
                <![CDATA[public void org.c3p.automation.api.steps.delete.APITestDeleteSteps.API_create_delete_case()]]>
              </value>
            </param>
            <param index="1">
              <value>
                <![CDATA[userDataCA_MARY]]>
              </value>
            </param>
          </params>
          <reporter-output>
          </reporter-output>
        </test-method> <!-- beforeMethod -->
        <test-method signature="API_create_delete_case()[pri:1, instance:org.c3p.automation.api.steps.delete.APITestDeleteSteps@7c37508a]" started-at="2025-10-16T23:30:26 IST" name="API_create_delete_case" finished-at="2025-10-16T23:32:45 IST" duration-ms="138877" status="PASS">
          <reporter-output>
          </reporter-output>
        </test-method> <!-- API_create_delete_case -->
        <test-method is-config="true" signature="tearDownTest(java.lang.reflect.Method)[pri:0, instance:org.c3p.automation.api.steps.delete.APITestDeleteSteps@7c37508a]" started-at="2025-10-16T23:32:45 IST" name="tearDownTest" finished-at="2025-10-16T23:32:45 IST" duration-ms="4" status="PASS">
          <params>
            <param index="0">
              <value>
                <![CDATA[public void org.c3p.automation.api.steps.delete.APITestDeleteSteps.API_create_delete_case()]]>
              </value>
            </param>
          </params>
          <reporter-output>
          </reporter-output>
        </test-method> <!-- tearDownTest -->
      </class> <!-- org.c3p.automation.api.steps.delete.APITestDeleteSteps -->
    </test> <!-- 001 C3P API Report/Corrections -->
    <test started-at="2025-10-16T23:32:45 IST" name="002 C3P API Misc Tests" finished-at="2025-10-16T23:41:45 IST" duration-ms="539771">
      <class name="org.c3p.automation.api.steps.report.APITestCasesValidation">
        <test-method is-config="true" signature="API_Prerequisites(java.lang.String)[pri:0, instance:org.c3p.automation.api.steps.report.APITestCasesValidation@6c4906d3]" started-at="2025-10-16T23:12:00 IST" name="API_Prerequisites" finished-at="2025-10-16T23:12:05 IST" duration-ms="5228" status="PASS">
          <params>
            <param index="0">
              <value>
                <![CDATA[userDataCA_MARY]]>
              </value>
            </param>
          </params>
          <reporter-output>
          </reporter-output>
        </test-method> <!-- API_Prerequisites -->
        <test-method is-config="true" signature="beforeMethod(java.lang.reflect.Method, java.lang.String)[pri:0, instance:org.c3p.automation.api.steps.report.APITestCasesValidation@6c4906d3]" started-at="2025-10-16T23:32:45 IST" name="beforeMethod" finished-at="2025-10-16T23:32:45 IST" duration-ms="63" status="PASS">
          <params>
            <param index="0">
              <value>
                <![CDATA[public void org.c3p.automation.api.steps.report.APITestCasesValidation.optOutCasesValidation()]]>
              </value>
            </param>
            <param index="1">
              <value>
                <![CDATA[userDataCA_MARY]]>
              </value>
            </param>
          </params>
          <reporter-output>
          </reporter-output>
        </test-method> <!-- beforeMethod -->
        <test-method signature="optOutCasesValidation()[pri:1, instance:org.c3p.automation.api.steps.report.APITestCasesValidation@6c4906d3]" started-at="2025-10-16T23:32:45 IST" name="optOutCasesValidation" finished-at="2025-10-16T23:33:31 IST" duration-ms="45892" status="PASS">
          <reporter-output>
          </reporter-output>
        </test-method> <!-- optOutCasesValidation -->
        <test-method is-config="true" signature="tearDownTest(java.lang.reflect.Method)[pri:0, instance:org.c3p.automation.api.steps.report.APITestCasesValidation@6c4906d3]" started-at="2025-10-16T23:33:31 IST" name="tearDownTest" finished-at="2025-10-16T23:33:31 IST" duration-ms="3" status="PASS">
          <params>
            <param index="0">
              <value>
                <![CDATA[public void org.c3p.automation.api.steps.report.APITestCasesValidation.optOutCasesValidation()]]>
              </value>
            </param>
          </params>
          <reporter-output>
          </reporter-output>
        </test-method> <!-- tearDownTest -->
        <test-method is-config="true" signature="beforeMethod(java.lang.reflect.Method, java.lang.String)[pri:0, instance:org.c3p.automation.api.steps.report.APITestCasesValidation@6c4906d3]" started-at="2025-10-16T23:33:31 IST" name="beforeMethod" finished-at="2025-10-16T23:33:31 IST" duration-ms="83" status="PASS">
          <params>
            <param index="0">
              <value>
                <![CDATA[public void org.c3p.automation.api.steps.report.APITestCasesValidation.deleteCasesValidation()]]>
              </value>
            </param>
            <param index="1">
              <value>
                <![CDATA[userDataCA_MARY]]>
              </value>
            </param>
          </params>
          <reporter-output>
          </reporter-output>
        </test-method> <!-- beforeMethod -->
        <test-method signature="deleteCasesValidation()[pri:2, instance:org.c3p.automation.api.steps.report.APITestCasesValidation@6c4906d3]" started-at="2025-10-16T23:33:31 IST" name="deleteCasesValidation" finished-at="2025-10-16T23:41:17 IST" duration-ms="466670" status="PASS">
          <reporter-output>
          </reporter-output>
        </test-method> <!-- deleteCasesValidation -->
        <test-method is-config="true" signature="tearDownTest(java.lang.reflect.Method)[pri:0, instance:org.c3p.automation.api.steps.report.APITestCasesValidation@6c4906d3]" started-at="2025-10-16T23:41:17 IST" name="tearDownTest" finished-at="2025-10-16T23:41:18 IST" duration-ms="6" status="PASS">
          <params>
            <param index="0">
              <value>
                <![CDATA[public void org.c3p.automation.api.steps.report.APITestCasesValidation.deleteCasesValidation()]]>
              </value>
            </param>
          </params>
          <reporter-output>
          </reporter-output>
        </test-method> <!-- tearDownTest -->
        <test-method is-config="true" signature="beforeMethod(java.lang.reflect.Method, java.lang.String)[pri:0, instance:org.c3p.automation.api.steps.report.APITestCasesValidation@6c4906d3]" started-at="2025-10-16T23:41:18 IST" name="beforeMethod" finished-at="2025-10-16T23:41:18 IST" duration-ms="69" status="PASS">
          <params>
            <param index="0">
              <value>
                <![CDATA[public void org.c3p.automation.api.steps.report.APITestCasesValidation.correctionsCasesValidation()]]>
              </value>
            </param>
            <param index="1">
              <value>
                <![CDATA[userDataCA_MARY]]>
              </value>
            </param>
          </params>
          <reporter-output>
          </reporter-output>
        </test-method> <!-- beforeMethod -->
        <test-method signature="correctionsCasesValidation()[pri:3, instance:org.c3p.automation.api.steps.report.APITestCasesValidation@6c4906d3]" started-at="2025-10-16T23:41:18 IST" name="correctionsCasesValidation" finished-at="2025-10-16T23:41:32 IST" duration-ms="14711" status="PASS">
          <reporter-output>
          </reporter-output>
        </test-method> <!-- correctionsCasesValidation -->
        <test-method is-config="true" signature="tearDownTest(java.lang.reflect.Method)[pri:0, instance:org.c3p.automation.api.steps.report.APITestCasesValidation@6c4906d3]" started-at="2025-10-16T23:41:32 IST" name="tearDownTest" finished-at="2025-10-16T23:41:32 IST" duration-ms="6" status="PASS">
          <params>
            <param index="0">
              <value>
                <![CDATA[public void org.c3p.automation.api.steps.report.APITestCasesValidation.correctionsCasesValidation()]]>
              </value>
            </param>
          </params>
          <reporter-output>
          </reporter-output>
        </test-method> <!-- tearDownTest -->
        <test-method is-config="true" signature="beforeMethod(java.lang.reflect.Method, java.lang.String)[pri:0, instance:org.c3p.automation.api.steps.report.APITestCasesValidation@6c4906d3]" started-at="2025-10-16T23:41:32 IST" name="beforeMethod" finished-at="2025-10-16T23:41:32 IST" duration-ms="77" status="PASS">
          <params>
            <param index="0">
              <value>
                <![CDATA[public void org.c3p.automation.api.steps.report.APITestCasesValidation.reportsCaseValidation()]]>
              </value>
            </param>
            <param index="1">
              <value>
                <![CDATA[userDataCA_MARY]]>
              </value>
            </param>
          </params>
          <reporter-output>
          </reporter-output>
        </test-method> <!-- beforeMethod -->
        <test-method signature="reportsCaseValidation()[pri:4, instance:org.c3p.automation.api.steps.report.APITestCasesValidation@6c4906d3]" started-at="2025-10-16T23:41:32 IST" name="reportsCaseValidation" finished-at="2025-10-16T23:41:45 IST" duration-ms="12140" status="FAIL">
          <exception class="java.lang.AssertionError">
            <message>
              <![CDATA[Column values do not match expected values. SQL -- SELECT DATA_ASSET_RESPONSE FROM CASE_DATA_ASSET WHERE CASE_NUMBER = '7718889']]>
            </message>
            <full-stacktrace>
              <![CDATA[java.lang.AssertionError: Column values do not match expected values. SQL -- SELECT DATA_ASSET_RESPONSE FROM CASE_DATA_ASSET WHERE CASE_NUMBER = '7718889'
at org.c3p.automation.framework.utils.DBConnectorAndComparator.assertAllValuesFromColumn(DBConnectorAndComparator.java:243)
at org.c3p.automation.api.steps.report.APITestCasesValidation.reportValidation_API(APITestCasesValidation.java:242)
at org.c3p.automation.api.steps.report.APITestCasesValidation.reportsCaseValidation(APITestCasesValidation.java:224)
at java.base/jdk.internal.reflect.NativeMethodAccessorImpl.invoke0(Native Method)
at java.base/jdk.internal.reflect.NativeMethodAccessorImpl.invoke(NativeMethodAccessorImpl.java:77)
at java.base/jdk.internal.reflect.DelegatingMethodAccessorImpl.invoke(DelegatingMethodAccessorImpl.java:43)
at java.base/java.lang.reflect.Method.invoke(Method.java:569)
at org.testng.internal.MethodInvocationHelper.invokeMethod(MethodInvocationHelper.java:134)
at org.testng.internal.TestInvoker.invokeMethod(TestInvoker.java:597)
at org.testng.internal.TestInvoker.invokeTestMethod(TestInvoker.java:173)
at org.testng.internal.MethodRunner.runInSequence(MethodRunner.java:46)
at org.testng.internal.TestInvoker$MethodInvocationAgent.invoke(TestInvoker.java:816)
at org.testng.internal.TestInvoker.invokeTestMethods(TestInvoker.java:146)
at org.testng.internal.TestMethodWorker.invokeTestMethods(TestMethodWorker.java:146)
at org.testng.internal.TestMethodWorker.run(TestMethodWorker.java:128)
at java.base/java.util.ArrayList.forEach(ArrayList.java:1511)
at org.testng.TestRunner.privateRun(TestRunner.java:766)
at org.testng.TestRunner.run(TestRunner.java:587)
at org.testng.SuiteRunner.runTest(SuiteRunner.java:384)
at org.testng.SuiteRunner.runSequentially(SuiteRunner.java:378)
at org.testng.SuiteRunner.privateRun(SuiteRunner.java:337)
at org.testng.SuiteRunner.run(SuiteRunner.java:286)
at org.testng.SuiteRunnerWorker.runSuite(SuiteRunnerWorker.java:53)
at org.testng.SuiteRunnerWorker.run(SuiteRunnerWorker.java:96)
at org.testng.TestNG.runSuitesSequentially(TestNG.java:1187)
at org.testng.TestNG.runSuitesLocally(TestNG.java:1109)
at org.testng.TestNG.runSuites(TestNG.java:1039)
at org.testng.TestNG.run(TestNG.java:1007)
at org.c3p.automation.framework.runner.JUnitRegressionTest.main(JUnitRegressionTest.java:57)
]]>
            </full-stacktrace>
          </exception> <!-- java.lang.AssertionError -->
          <reporter-output>
          </reporter-output>
        </test-method> <!-- reportsCaseValidation -->
        <test-method is-config="true" signature="tearDownTest(java.lang.reflect.Method)[pri:0, instance:org.c3p.automation.api.steps.report.APITestCasesValidation@6c4906d3]" started-at="2025-10-16T23:41:45 IST" name="tearDownTest" finished-at="2025-10-16T23:41:45 IST" duration-ms="4" status="PASS">
          <params>
            <param index="0">
              <value>
                <![CDATA[public void org.c3p.automation.api.steps.report.APITestCasesValidation.reportsCaseValidation()]]>
              </value>
            </param>
          </params>
          <reporter-output>
          </reporter-output>
        </test-method> <!-- tearDownTest -->
        <test-method is-config="true" signature="tearDown()[pri:0, instance:org.c3p.automation.api.steps.report.APITestCasesValidation@6c4906d3]" started-at="2025-10-16T23:41:45 IST" name="tearDown" finished-at="2025-10-16T23:41:45 IST" duration-ms="286" status="PASS">
          <reporter-output>
          </reporter-output>
        </test-method> <!-- tearDown -->
      </class> <!-- org.c3p.automation.api.steps.report.APITestCasesValidation -->
    </test> <!-- 002 C3P API Misc Tests -->
  </suite> <!-- C3P API Regression Suite -->
</testng-results>
