<?xml version="1.0" encoding="UTF-8"?>
<!-- Generated by org.testng.reporters.JUnitXMLReporter -->
<testsuite ignored="6" hostname="W8500978" failures="0" tests="9" name="001 C3P API Report/Corrections" time="1239.597" errors="0" timestamp="2025-10-16T23:32:45 IST">
  <testcase classname="org.c3p.automation.api.steps.report.APITestReportSteps" name="API_mail_create_report_employeeData" time="167.327"/>
  <testcase classname="org.c3p.automation.api.steps.report.APITestReportSteps" name="API_create_report_mail_masked" time="150.82"/>
  <testcase classname="org.c3p.automation.api.steps.report.APITestReportSteps" name="API_create_report_softCopy" time="147.273"/>
  <testcase classname="org.c3p.automation.api.steps.corrections.APITestCorrectionSteps" name="API_create_correction_case" time="209.562"/>
  <testcase classname="org.c3p.automation.api.steps.optout.APITestOptoutSteps" name="create_optout_sales_case" time="39.745"/>
  <testcase classname="org.c3p.automation.api.steps.optout.APITestOptoutSteps" name="create_optout_sensitiveData_case" time="100.68"/>
  <testcase classname="org.c3p.automation.api.steps.optout.APITestOptoutSteps" name="create_optout_processing_case" time="113.964"/>
  <testcase classname="org.c3p.automation.api.steps.optout.APITestOptoutSteps" name="create_optout_all_case" time="170.004"/>
  <testcase classname="org.c3p.automation.api.steps.delete.APITestDeleteSteps" name="API_create_delete_case" time="138.877"/>
  <testcase classname="org.c3p.automation.api.commons.api_base.APITestBase" name="@BeforeSuite API_Prerequisites" time="0.0">
    <ignored/>
  </testcase> <!-- @BeforeSuite API_Prerequisites -->
  <testcase classname="org.c3p.automation.api.commons.api_base.APITestBase" name="@BeforeSuite API_Prerequisites" time="0.0">
    <ignored/>
  </testcase> <!-- @BeforeSuite API_Prerequisites -->
  <testcase classname="org.c3p.automation.api.commons.api_base.APITestBase" name="@BeforeSuite API_Prerequisites" time="0.0">
    <ignored/>
  </testcase> <!-- @BeforeSuite API_Prerequisites -->
  <testcase classname="org.c3p.automation.api.commons.api_base.APITestBase" name="@AfterSuite tearDown" time="0.0">
    <ignored/>
  </testcase> <!-- @AfterSuite tearDown -->
  <testcase classname="org.c3p.automation.api.commons.api_base.APITestBase" name="@AfterSuite tearDown" time="0.0">
    <ignored/>
  </testcase> <!-- @AfterSuite tearDown -->
  <testcase classname="org.c3p.automation.api.commons.api_base.APITestBase" name="@AfterSuite tearDown" time="0.0">
    <ignored/>
  </testcase> <!-- @AfterSuite tearDown -->
</testsuite> <!-- 001 C3P API Report/Corrections -->
