<html>
<head>
<title>TestNG:  002 C3P API Misc Tests</title>
<link href="../testng.css" rel="stylesheet" type="text/css" />
<link href="../my-testng.css" rel="stylesheet" type="text/css" />

<style type="text/css">
.log { display: none;} 
.stack-trace { display: none;} 
</style>
<script type="text/javascript">
<!--
function flip(e) {
  current = e.style.display;
  if (current == 'block') {
    e.style.display = 'none';
    return 0;
  }
  else {
    e.style.display = 'block';
    return 1;
  }
}

function toggleBox(szDivId, elem, msg1, msg2)
{
  var res = -1;  if (document.getElementById) {
    res = flip(document.getElementById(szDivId));
  }
  else if (document.all) {
    // this is the way old msie versions work
    res = flip(document.all[szDivId]);
  }
  if(elem) {
    if(res == 0) elem.innerHTML = msg1; else elem.innerHTML = msg2;
  }

}

function toggleAllBoxes() {
  if (document.getElementsByTagName) {
    d = document.getElementsByTagName('div');
    for (i = 0; i < d.length; i++) {
      if (d[i].className == 'log') {
        flip(d[i]);
      }
    }
  }
}

// -->
</script>

</head>
<body>
<h2 align='center'>002 C3P API Misc Tests</h2><table border='1' align="center">
<tr>
<td>Tests passed/Failed/Skipped:</td><td>3/1/0</td>
</tr><tr>
<td>Started on:</td><td>Thu Oct 16 23:32:45 IST 2025</td>
</tr>
<tr><td>Total time:</td><td>539 seconds (539771 ms)</td>
</tr><tr>
<td>Included groups:</td><td></td>
</tr><tr>
<td>Excluded groups:</td><td></td>
</tr>
</table><p/>
<small><i>(Hover the method name to see the test class name)</i></small><p/>
<table width='100%' border='1' class='invocation-failed'>
<tr><td colspan='4' align='center'><b>FAILED TESTS</b></td></tr>
<tr><td><b>Test method</b></td>
<td width="30%"><b>Exception</b></td>
<td width="10%"><b>Time (seconds)</b></td>
<td><b>Instance</b></td>
</tr>
<tr>
<td title='org.c3p.automation.api.steps.report.APITestCasesValidation.reportsCaseValidation()'><b>reportsCaseValidation</b><br>Test class: org.c3p.automation.api.steps.report.APITestCasesValidation</td>
<td><div><pre>java.lang.AssertionError: Column values do not match expected values. SQL -- SELECT DATA_ASSET_RESPONSE FROM CASE_DATA_ASSET WHERE CASE_NUMBER = &apos;7718889&apos;
	at org.c3p.automation.framework.utils.DBConnectorAndComparator.assertAllValuesFromColumn(DBConnectorAndComparator.java:243)
	at org.c3p.automation.api.steps.report.APITestCasesValidation.reportValidation_API(APITestCasesValidation.java:242)
	at org.c3p.automation.api.steps.report.APITestCasesValidation.reportsCaseValidation(APITestCasesValidation.java:224)
	at java.base/jdk.internal.reflect.NativeMethodAccessorImpl.invoke0(Native Method)
	at java.base/jdk.internal.reflect.NativeMethodAccessorImpl.invoke(NativeMethodAccessorImpl.java:77)
	at java.base/jdk.internal.reflect.DelegatingMethodAccessorImpl.invoke(DelegatingMethodAccessorImpl.java:43)
	at java.base/java.lang.reflect.Method.invoke(Method.java:569)
	at org.testng.internal.MethodInvocationHelper.invokeMethod(MethodInvocationHelper.java:134)
	at org.testng.internal.TestInvoker.invokeMethod(TestInvoker.java:597)
	at org.testng.internal.TestInvoker.invokeTestMethod(TestInvoker.java:173)
	at org.testng.internal.MethodRunner.runInSequence(MethodRunner.java:46)
	at org.testng.internal.TestInvoker$MethodInvocationAgent.invoke(TestInvoker.java:816)
	at org.testng.internal.TestInvoker.invokeTestMethods(TestInvoker.java:146)
	at org.testng.internal.TestMethodWorker.invokeTestMethods(TestMethodWorker.java:146)
	at org.testng.internal.TestMethodWorker.run(TestMethodWorker.java:128)
	at java.base/java.util.ArrayList.forEach(ArrayList.java:1511)
	at org.testng.TestRunner.privateRun(TestRunner.java:766)
	at org.testng.TestRunner.run(TestRunner.java:587)
	at org.testng.SuiteRunner.runTest(SuiteRunner.java:384)
	at org.testng.SuiteRunner.runSequentially(SuiteRunner.java:378)
	at org.testng.SuiteRunner.privateRun(SuiteRunner.java:337)
	at org.testng.SuiteRunner.run(SuiteRunner.java:286)
	at org.testng.SuiteRunnerWorker.runSuite(SuiteRunnerWorker.java:53)
	at org.testng.SuiteRunnerWorker.run(SuiteRunnerWorker.java:96)
	at org.testng.TestNG.runSuitesSequentially(TestNG.java:1187)
	at org.testng.TestNG.runSuitesLocally(TestNG.java:1109)
	at org.testng.TestNG.runSuites(TestNG.java:1039)
	at org.testng.TestNG.run(TestNG.java:1007)
	at org.c3p.automation.framework.runner.JUnitRegressionTest.main(JUnitRegressionTest.java:57)
</pre></div><a href='#' onClick='toggleBox("stack-trace983881109", this, "Click to show all stack frames", "Click to hide stack frames")'>Click to show all stack frames</a>
<div class='stack-trace' id='stack-trace983881109'><pre>java.lang.AssertionError: Column values do not match expected values. SQL -- SELECT DATA_ASSET_RESPONSE FROM CASE_DATA_ASSET WHERE CASE_NUMBER = &apos;7718889&apos;
	at org.c3p.automation.framework.utils.DBConnectorAndComparator.assertAllValuesFromColumn(DBConnectorAndComparator.java:243)
	at org.c3p.automation.api.steps.report.APITestCasesValidation.reportValidation_API(APITestCasesValidation.java:242)
	at org.c3p.automation.api.steps.report.APITestCasesValidation.reportsCaseValidation(APITestCasesValidation.java:224)
	at java.base/jdk.internal.reflect.NativeMethodAccessorImpl.invoke0(Native Method)
	at java.base/jdk.internal.reflect.NativeMethodAccessorImpl.invoke(NativeMethodAccessorImpl.java:77)
	at java.base/jdk.internal.reflect.DelegatingMethodAccessorImpl.invoke(DelegatingMethodAccessorImpl.java:43)
	at java.base/java.lang.reflect.Method.invoke(Method.java:569)
	at org.testng.internal.MethodInvocationHelper.invokeMethod(MethodInvocationHelper.java:134)
	at org.testng.internal.TestInvoker.invokeMethod(TestInvoker.java:597)
	at org.testng.internal.TestInvoker.invokeTestMethod(TestInvoker.java:173)
	at org.testng.internal.MethodRunner.runInSequence(MethodRunner.java:46)
	at org.testng.internal.TestInvoker$MethodInvocationAgent.invoke(TestInvoker.java:816)
	at org.testng.internal.TestInvoker.invokeTestMethods(TestInvoker.java:146)
	at org.testng.internal.TestMethodWorker.invokeTestMethods(TestMethodWorker.java:146)
	at org.testng.internal.TestMethodWorker.run(TestMethodWorker.java:128)
	at java.base/java.util.ArrayList.forEach(ArrayList.java:1511)
	at org.testng.TestRunner.privateRun(TestRunner.java:766)
	at org.testng.TestRunner.run(TestRunner.java:587)
	at org.testng.SuiteRunner.runTest(SuiteRunner.java:384)
	at org.testng.SuiteRunner.runSequentially(SuiteRunner.java:378)
	at org.testng.SuiteRunner.privateRun(SuiteRunner.java:337)
	at org.testng.SuiteRunner.run(SuiteRunner.java:286)
	at org.testng.SuiteRunnerWorker.runSuite(SuiteRunnerWorker.java:53)
	at org.testng.SuiteRunnerWorker.run(SuiteRunnerWorker.java:96)
	at org.testng.TestNG.runSuitesSequentially(TestNG.java:1187)
	at org.testng.TestNG.runSuitesLocally(TestNG.java:1109)
	at org.testng.TestNG.runSuites(TestNG.java:1039)
	at org.testng.TestNG.run(TestNG.java:1007)
	at org.c3p.automation.framework.runner.JUnitRegressionTest.main(JUnitRegressionTest.java:57)
</pre></div></td>
<td>12</td>
<td>org.c3p.automation.api.steps.report.APITestCasesValidation@6c4906d3</td></tr>
</table><p>
<table width='100%' border='1' class='invocation-passed'>
<tr><td colspan='4' align='center'><b>PASSED TESTS</b></td></tr>
<tr><td><b>Test method</b></td>
<td width="30%"><b>Exception</b></td>
<td width="10%"><b>Time (seconds)</b></td>
<td><b>Instance</b></td>
</tr>
<tr>
<td title='org.c3p.automation.api.steps.corrections.APITestCorrectionSteps.API_create_correction_case()'><b>API_create_correction_case</b><br>Test class: org.c3p.automation.api.steps.corrections.APITestCorrectionSteps</td>
<td></td>
<td>209</td>
<td>org.c3p.automation.api.steps.corrections.APITestCorrectionSteps@7188af83</td></tr>
<tr>
<td title='org.c3p.automation.api.steps.delete.APITestDeleteSteps.API_create_delete_case()'><b>API_create_delete_case</b><br>Test class: org.c3p.automation.api.steps.delete.APITestDeleteSteps</td>
<td></td>
<td>138</td>
<td>org.c3p.automation.api.steps.delete.APITestDeleteSteps@7c37508a</td></tr>
<tr>
<td title='org.c3p.automation.api.steps.report.APITestReportSteps.API_create_report_mail_masked()'><b>API_create_report_mail_masked</b><br>Test class: org.c3p.automation.api.steps.report.APITestReportSteps</td>
<td></td>
<td>150</td>
<td>org.c3p.automation.api.steps.report.APITestReportSteps@451001e5</td></tr>
<tr>
<td title='org.c3p.automation.api.steps.report.APITestReportSteps.API_create_report_softCopy()'><b>API_create_report_softCopy</b><br>Test class: org.c3p.automation.api.steps.report.APITestReportSteps</td>
<td></td>
<td>147</td>
<td>org.c3p.automation.api.steps.report.APITestReportSteps@451001e5</td></tr>
<tr>
<td title='org.c3p.automation.api.steps.report.APITestReportSteps.API_mail_create_report_employeeData()'><b>API_mail_create_report_employeeData</b><br>Test class: org.c3p.automation.api.steps.report.APITestReportSteps</td>
<td></td>
<td>167</td>
<td>org.c3p.automation.api.steps.report.APITestReportSteps@451001e5</td></tr>
<tr>
<td title='org.c3p.automation.api.steps.report.APITestCasesValidation.correctionsCasesValidation()'><b>correctionsCasesValidation</b><br>Test class: org.c3p.automation.api.steps.report.APITestCasesValidation</td>
<td></td>
<td>14</td>
<td>org.c3p.automation.api.steps.report.APITestCasesValidation@6c4906d3</td></tr>
<tr>
<td title='org.c3p.automation.api.steps.optout.APITestOptoutSteps.create_optout_all_case()'><b>create_optout_all_case</b><br>Test class: org.c3p.automation.api.steps.optout.APITestOptoutSteps</td>
<td></td>
<td>170</td>
<td>org.c3p.automation.api.steps.optout.APITestOptoutSteps@6be968ce</td></tr>
<tr>
<td title='org.c3p.automation.api.steps.optout.APITestOptoutSteps.create_optout_processing_case()'><b>create_optout_processing_case</b><br>Test class: org.c3p.automation.api.steps.optout.APITestOptoutSteps</td>
<td></td>
<td>113</td>
<td>org.c3p.automation.api.steps.optout.APITestOptoutSteps@6be968ce</td></tr>
<tr>
<td title='org.c3p.automation.api.steps.optout.APITestOptoutSteps.create_optout_sales_case()'><b>create_optout_sales_case</b><br>Test class: org.c3p.automation.api.steps.optout.APITestOptoutSteps</td>
<td></td>
<td>39</td>
<td>org.c3p.automation.api.steps.optout.APITestOptoutSteps@6be968ce</td></tr>
<tr>
<td title='org.c3p.automation.api.steps.optout.APITestOptoutSteps.create_optout_sensitiveData_case()'><b>create_optout_sensitiveData_case</b><br>Test class: org.c3p.automation.api.steps.optout.APITestOptoutSteps</td>
<td></td>
<td>100</td>
<td>org.c3p.automation.api.steps.optout.APITestOptoutSteps@6be968ce</td></tr>
<tr>
<td title='org.c3p.automation.api.steps.report.APITestCasesValidation.deleteCasesValidation()'><b>deleteCasesValidation</b><br>Test class: org.c3p.automation.api.steps.report.APITestCasesValidation</td>
<td></td>
<td>466</td>
<td>org.c3p.automation.api.steps.report.APITestCasesValidation@6c4906d3</td></tr>
<tr>
<td title='org.c3p.automation.api.steps.report.APITestCasesValidation.optOutCasesValidation()'><b>optOutCasesValidation</b><br>Test class: org.c3p.automation.api.steps.report.APITestCasesValidation</td>
<td></td>
<td>45</td>
<td>org.c3p.automation.api.steps.report.APITestCasesValidation@6c4906d3</td></tr>
</table><p>
</body>
</html>