<?xml version="1.0" encoding="UTF-8"?>
<!-- Generated by org.testng.reporters.JUnitReportReporter -->
<testsuite hostname="W8500978" failures="1" tests="4" name="org.c3p.automation.api.steps.report.APITestCasesValidation" time="539.724" errors="0" timestamp="2025-10-16T23:41:45 IST" skipped="0">
  <testcase classname="org.c3p.automation.api.steps.report.APITestCasesValidation" name="optOutCasesValidation" time="45.964"/>
  <system-out/>
  <testcase classname="org.c3p.automation.api.steps.report.APITestCasesValidation" name="deleteCasesValidation" time="466.751"/>
  <system-out/>
  <testcase classname="org.c3p.automation.api.steps.report.APITestCasesValidation" name="correctionsCasesValidation" time="14.800"/>
  <system-out/>
  <testcase classname="org.c3p.automation.api.steps.report.APITestCasesValidation" name="reportsCaseValidation" time="12.209">
    <failure message="Column values do not match expected values. SQL -- SELECT DATA_ASSET_RESPONSE FROM CASE_DATA_ASSET WHERE CASE_NUMBER = &#039;7718889&#039;" type="java.lang.AssertionError">
      <![CDATA[java.lang.AssertionError: Column values do not match expected values. SQL -- SELECT DATA_ASSET_RESPONSE FROM CASE_DATA_ASSET WHERE CASE_NUMBER = '7718889'
at org.c3p.automation.framework.utils.DBConnectorAndComparator.assertAllValuesFromColumn(DBConnectorAndComparator.java:243)
at org.c3p.automation.api.steps.report.APITestCasesValidation.reportValidation_API(APITestCasesValidation.java:242)
at org.c3p.automation.api.steps.report.APITestCasesValidation.reportsCaseValidation(APITestCasesValidation.java:224)
at java.base/jdk.internal.reflect.NativeMethodAccessorImpl.invoke0(Native Method)
at java.base/jdk.internal.reflect.NativeMethodAccessorImpl.invoke(NativeMethodAccessorImpl.java:77)
at java.base/jdk.internal.reflect.DelegatingMethodAccessorImpl.invoke(DelegatingMethodAccessorImpl.java:43)
at java.base/java.lang.reflect.Method.invoke(Method.java:569)
at org.testng.internal.MethodInvocationHelper.invokeMethod(MethodInvocationHelper.java:134)
at org.testng.internal.TestInvoker.invokeMethod(TestInvoker.java:597)
at org.testng.internal.TestInvoker.invokeTestMethod(TestInvoker.java:173)
at org.testng.internal.MethodRunner.runInSequence(MethodRunner.java:46)
at org.testng.internal.TestInvoker$MethodInvocationAgent.invoke(TestInvoker.java:816)
at org.testng.internal.TestInvoker.invokeTestMethods(TestInvoker.java:146)
at org.testng.internal.TestMethodWorker.invokeTestMethods(TestMethodWorker.java:146)
at org.testng.internal.TestMethodWorker.run(TestMethodWorker.java:128)
at java.base/java.util.ArrayList.forEach(ArrayList.java:1511)
at org.testng.TestRunner.privateRun(TestRunner.java:766)
at org.testng.TestRunner.run(TestRunner.java:587)
at org.testng.SuiteRunner.runTest(SuiteRunner.java:384)
at org.testng.SuiteRunner.runSequentially(SuiteRunner.java:378)
at org.testng.SuiteRunner.privateRun(SuiteRunner.java:337)
at org.testng.SuiteRunner.run(SuiteRunner.java:286)
at org.testng.SuiteRunnerWorker.runSuite(SuiteRunnerWorker.java:53)
at org.testng.SuiteRunnerWorker.run(SuiteRunnerWorker.java:96)
at org.testng.TestNG.runSuitesSequentially(TestNG.java:1187)
at org.testng.TestNG.runSuitesLocally(TestNG.java:1109)
at org.testng.TestNG.runSuites(TestNG.java:1039)
at org.testng.TestNG.run(TestNG.java:1007)
at org.c3p.automation.framework.runner.JUnitRegressionTest.main(JUnitRegressionTest.java:57)
]]>
    </failure>
  </testcase> <!-- reportsCaseValidation -->
  <system-out/>
</testsuite> <!-- org.c3p.automation.api.steps.report.APITestCasesValidation -->
