<?xml version="1.0" encoding="UTF-8"?>
<!-- Generated by org.testng.reporters.JUnitReportReporter -->
<testsuite hostname="W8500978" failures="0" tests="4" name="org.c3p.automation.api.steps.optout.APITestOptoutSteps" time="424.648" errors="0" timestamp="2025-10-16T23:41:45 IST" skipped="0">
  <testcase classname="org.c3p.automation.api.steps.optout.APITestOptoutSteps" name="create_optout_sales_case" time="39.797"/>
  <system-out/>
  <testcase classname="org.c3p.automation.api.steps.optout.APITestOptoutSteps" name="create_optout_sensitiveData_case" time="100.744"/>
  <system-out/>
  <testcase classname="org.c3p.automation.api.steps.optout.APITestOptoutSteps" name="create_optout_processing_case" time="114.028"/>
  <system-out/>
  <testcase classname="org.c3p.automation.api.steps.optout.APITestOptoutSteps" name="create_optout_all_case" time="170.079"/>
  <system-out/>
</testsuite> <!-- org.c3p.automation.api.steps.optout.APITestOptoutSteps -->
