<?xml version="1.0" encoding="UTF-8"?>
<!-- Generated by org.testng.reporters.JUnitReportReporter -->
<testsuite hostname="W8500978" failures="0" tests="3" name="org.c3p.automation.api.steps.report.APITestReportSteps" time="466.051" errors="0" timestamp="2025-10-16T23:41:45 IST" skipped="0">
  <testcase classname="org.c3p.automation.api.steps.report.APITestReportSteps" name="API_mail_create_report_employeeData" time="167.404"/>
  <system-out/>
  <testcase classname="org.c3p.automation.api.steps.report.APITestReportSteps" name="API_create_report_mail_masked" time="150.913"/>
  <system-out/>
  <testcase classname="org.c3p.automation.api.steps.report.APITestReportSteps" name="API_create_report_softCopy" time="147.734"/>
  <system-out/>
</testsuite> <!-- org.c3p.automation.api.steps.report.APITestReportSteps -->
