<?xml version="1.0" encoding="UTF-8"?>
<!-- Generated by org.testng.reporters.JUnitReportReporter -->
<testsuite hostname="W8500978" failures="0" tests="1" name="org.c3p.automation.api.steps.corrections.APITestCorrectionSteps" time="209.622" errors="0" timestamp="2025-10-16T23:41:45 IST" skipped="0">
  <testcase classname="org.c3p.automation.api.steps.corrections.APITestCorrectionSteps" name="API_create_correction_case" time="209.622"/>
  <system-out/>
</testsuite> <!-- org.c3p.automation.api.steps.corrections.APITestCorrectionSteps -->
