<?xml version="1.0" encoding="UTF-8"?>
<!-- Generated by org.testng.reporters.JUnitReportReporter -->
<testsuite hostname="W8500978" failures="0" tests="1" name="org.c3p.automation.api.steps.delete.APITestDeleteSteps" time="138.927" errors="0" timestamp="2025-10-16T23:41:45 IST" skipped="0">
  <testcase classname="org.c3p.automation.api.steps.delete.APITestDeleteSteps" name="API_create_delete_case" time="138.927"/>
  <system-out/>
</testsuite> <!-- org.c3p.automation.api.steps.delete.APITestDeleteSteps -->
